

200	2	2	2.76998	0.018065	0.0460961	4	2.11682	0.0428951	4	1.45586	0.0409729	4	0.733363	0.0437679	4	0.020052	0.0413361
200	2	2	2.59826	0.019356	0.0470591	4	1.97422	0.0410039	4	1.34411	0.0428271	4	0.662918	0.042012	4	0.020468	0.044034
100	1	2	1.26125	0.00153399	0.0441411	4	0.629763	0.0414169	4	0.00181794	0.039525
100	1	2	1.26317	0.00243807	0.043865	4	0.633197	0.0410941	4	0.00275302	0.0397141

6240	5	2	17.078	17.9439	24.0555	4	17.3162	23.6286	4	15.9953	24.0764	4	16.2117	23.5482	4	16.3885	23.4927	4	16.7793	23.5625	4	15.6178	23.4983	4	16.1996	23.5488	4	16.8684	23.5638	4	17.4699	23.597	4	18.0623	23.5937
6240	5	2	8.24079	17.9478	23.9581	4	9.64336	23.6627	4	9.34501	23.8533	4	10.5965	23.6147	4	11.863	23.5282	4	13.1482	23.5315	4	12.7982	23.5528	4	14.111	23.9954	4	15.4343	23.5925	4	16.7529	23.6003	4	18.0664	23.5022
6240	5	2	8.95195	17.9414	24.0205	4	10.339	23.6043	4	10.0223	24.5145	4	11.2757	23.5366	4	12.5354	23.584	4	13.8372	23.5586	4	12.8094	23.6038	4	14.1154	23.6078	4	15.4479	23.5282	4	16.7492	24.5086	4	18.0643	23.5581
6240	5	2	8.05101	17.9494	24.1319	4	9.43879	23.6183	4	9.13981	24.4164	4	10.4079	23.6178	4	11.6922	23.5873	4	12.9772	23.5493	4	12.8401	23.4644	4	14.1518	23.5072	4	15.4462	23.5288	4	16.7654	23.618	4	18.0672	23.6728
6240	5	2	9.04337	17.9435	24.1066	4	10.448	23.6586	4	10.1636	24.3464	4	11.4267	23.5702	4	12.6944	23.6026	4	13.9815	23.6164	4	12.8243	23.6001	4	14.1518	23.5801	4	15.4648	23.5755	4	16.7611	23.6399	4	18.0566	23.6439
4620	3	3	7.42156	8.37418	10.9144	4	7.87475	10.7011	4	7.50337	10.7557	4	7.83011	10.6429	4	8.18393	10.6522	4	8.54446	10.6202	4	7.31219	10.6005	4	7.68367	10.6502	4	8.07538	10.6347	4	8.45022	10.6299
4620	3	3	8.14457	8.37883	10.9496	4	8.59795	10.6684	4	8.24291	10.7595	4	8.57621	10.6909	4	8.91959	10.6277	4	9.27982	10.6462	4	7.33739	10.6338	4	7.70996	10.6549	4	8.09421	10.6654	4	8.45828	10.6522
4620	3	3	7.93092	8.35625	10.9118	4	8.38122	10.6131	4	8.01717	10.9049	4	8.35657	10.6275	4	8.70049	10.6218	4	9.07591	10.6216	4	7.30027	10.6118	4	7.68464	10.6161	4	8.05848	10.6081	4	8.43667	10.6187
4620	3	3	7.83157	8.38175	10.9713	4	8.28056	10.6198	4	7.91787	10.7894	4	8.26252	10.6671	4	8.60214	10.635	4	8.9608	10.7403	4	7.32755	10.6091	4	7.71118	10.6482	4	8.07468	10.701	4	8.45924	10.6767
4620	3	3	8.03193	8.36987	10.9505	4	8.45772	10.6506	4	8.0817	10.786	4	8.41233	10.6649	4	8.76148	10.6564	4	9.11961	10.6452	4	7.3116	10.6175	4	7.68899	10.6598	4	8.06977	10.6479	4	8.44779	10.6611
3240	2	3	5.89658	3.33569	5.72192	4	5.94307	5.71004	4	5.55105	5.55957	4	5.47958	5.51647	4	5.44073	5.52242	4	5.40699	5.51247	4	3.39646	5.50226
3240	2	3	5.63754	3.33754	5.72034	4	5.66792	5.50708	4	5.27176	5.55661	4	5.24213	5.4992	4	5.18772	5.51553	4	5.15438	5.53912	4	3.39614	5.50381
3240	2	3	5.32713	3.31237	5.74467	4	5.36639	5.52249	4	5.20879	5.55273	4	4.90934	5.55696	4	4.86721	5.54329	4	4.85177	5.51646	4	3.37452	5.52274
3240	2	3	5.75278	3.32679	5.72529	4	5.80034	5.52905	4	5.41197	5.57115	4	5.36445	5.51757	4	5.31493	5.86099	4	5.2753	5.53086	4	3.38129	5.51649
3240	2	3	6.1389	3.31754	5.73679	4	6.1813	5.51195	4	5.76867	5.54599	4	5.71452	5.50396	4	5.66736	5.52167	4	5.63347	5.51781	4	3.38092	5.51501
2160	2	2	2.629	1.21676	2.63133	4	2.36578	2.46984	4	1.95006	2.53474	4	1.59942	2.49536	4	1.2637	2.47141
2160	2	2	2.61827	1.21113	2.61694	4	2.35707	2.47073	4	1.94125	2.49804	4	1.58559	2.49128	4	1.25288	2.46347
2160	2	2	2.60621	1.22322	2.62849	4	2.34476	2.46713	4	2.18193	2.4816	4	1.59072	2.47138	4	1.26542	2.47623
2160	2	2	2.5819	1.01548	2.61468	4	2.33446	2.46928	4	1.71643	2.46991	4	1.38953	2.48125	4	1.05965	2.4618
2160	2	2	2.59742	1.22209	2.63109	4	2.34822	2.47974	4	1.9387	2.48044	4	1.60152	2.47455	4	1.26794	2.47233
1080	1	2	1.32667	0.35101	0.66451	4	0.836412	0.633718	4	0.361008	0.632928
1080	1	2	1.24797	0.355795	0.872656	4	0.780921	0.634536	4	0.365857	0.634518
1080	1	2	1.2595	0.150342	0.717092	4	0.775247	0.633272	4	0.161851	0.635228
1080	1	2	1.25507	0.35581	0.87276	4	0.775371	0.635306	4	0.367217	0.632202
1080	1	2	1.24983	0.357147	1.05712	4	0.770058	0.641356	4	0.365197	0.826894
